ShortcutBadger/build/outputs/logs/manifest-merger-debug-report.txt
-- Merging decision tree log ---
manifest
ADDED from src\main\AndroidManifest.xml:2:1-43:12
INJECTED from src\main\AndroidManifest.xml:2:1-43:12
INJECTED from src\main\AndroidManifest.xml:2:1-43:12
	package
		ADDED from src\main\AndroidManifest.xml:3:11-45
		INJECTED from src\main\AndroidManifest.xml
		INJECTED from src\main\AndroidManifest.xml
	xmlns:android
		ADDED from src\main\AndroidManifest.xml:2:11-69
uses-permission#com.sec.android.provider.badge.permission.READ
ADDED from src\main\AndroidManifest.xml:14:5-85
	android:name
		ADDED from src\main\AndroidManifest.xml:14:22-83
uses-permission#com.sec.android.provider.badge.permission.WRITE
ADDED from src\main\AndroidManifest.xml:15:5-86
	android:name
		ADDED from src\main\AndroidManifest.xml:15:22-84
uses-permission#com.htc.launcher.permission.READ_SETTINGS
ADDED from src\main\AndroidManifest.xml:18:5-80
	android:name
		ADDED from src\main\AndroidManifest.xml:18:22-78
uses-permission#com.htc.launcher.permission.UPDATE_SHORTCUT
ADDED from src\main\AndroidManifest.xml:19:5-82
	android:name
		ADDED from src\main\AndroidManifest.xml:19:22-80
uses-permission#com.sonyericsson.home.permission.BROADCAST_BADGE
ADDED from src\main\AndroidManifest.xml:22:5-87
	android:name
		ADDED from src\main\AndroidManifest.xml:22:22-85
uses-permission#com.sonymobile.home.permission.PROVIDER_INSERT_BADGE
ADDED from src\main\AndroidManifest.xml:23:5-91
	android:name
		ADDED from src\main\AndroidManifest.xml:23:22-89
uses-permission#com.anddoes.launcher.permission.UPDATE_COUNT
ADDED from src\main\AndroidManifest.xml:26:5-83
	android:name
		ADDED from src\main\AndroidManifest.xml:26:22-81
uses-permission#com.majeur.launcher.permission.UPDATE_BADGE
ADDED from src\main\AndroidManifest.xml:29:5-82
	android:name
		ADDED from src\main\AndroidManifest.xml:29:22-80
uses-permission#com.huawei.android.launcher.permission.CHANGE_BADGE
ADDED from src\main\AndroidManifest.xml:32:5-90
	android:name
		ADDED from src\main\AndroidManifest.xml:32:22-88
uses-permission#com.huawei.android.launcher.permission.READ_SETTINGS
ADDED from src\main\AndroidManifest.xml:33:5-91
	android:name
		ADDED from src\main\AndroidManifest.xml:33:22-89
uses-permission#com.huawei.android.launcher.permission.WRITE_SETTINGS
ADDED from src\main\AndroidManifest.xml:34:5-92
	android:name
		ADDED from src\main\AndroidManifest.xml:34:22-90
uses-permission#android.permission.READ_APP_BADGE
ADDED from src\main\AndroidManifest.xml:37:5-72
	android:name
		ADDED from src\main\AndroidManifest.xml:37:22-70
uses-permission#com.oppo.launcher.permission.READ_SETTINGS
ADDED from src\main\AndroidManifest.xml:40:5-81
	android:name
		ADDED from src\main\AndroidManifest.xml:40:22-79
uses-permission#com.oppo.launcher.permission.WRITE_SETTINGS
ADDED from src\main\AndroidManifest.xml:41:5-82
	android:name
		ADDED from src\main\AndroidManifest.xml:41:22-80
uses-sdk
INJECTED from src\main\AndroidManifest.xml reason: use-sdk injection requested
INJECTED from src\main\AndroidManifest.xml
INJECTED from src\main\AndroidManifest.xml
INJECTED from src\main\AndroidManifest.xml
INJECTED from src\main\AndroidManifest.xml
	android:targetSdkVersion
		INJECTED from src\main\AndroidManifest.xml
		ADDED from src\main\AndroidManifest.xml
		INJECTED from src\main\AndroidManifest.xml
	android:minSdkVersion
		INJECTED from src\main\AndroidManifest.xml
		ADDED from src\main\AndroidManifest.xml
		INJECTED from src\main\AndroidManifest.xml